1639945624459	geckodriver	INFO	Listening on 127.0.0.1:60328
1639945624863	mozrunner::runner	INFO	Running command: "/Applications/Firefox.app/Contents/MacOS/firefox-bin" "--marionette" "--remote-debugging-port" "60329" "-foreground" "-no-remote" "-profile" "/var/folders/gw/gzn7hks17ms4c3gyyvyknnlm0000gn/T/rust_mozprofileYG3beo"
1639945625564	Marionette	INFO	Marionette enabled
console.warn: SearchSettings: "get: No settings file exists, new profile?" (new NotFoundError("Could not open the file at /var/folders/gw/gzn7hks17ms4c3gyyvyknnlm0000gn/T/rust_mozprofileYG3beo/search.json.mozlz4", (void 0)))
console.error: BackgroundUpdate: 
  _reasonsToNotScheduleUpdates: Failed to check for Maintenance Service Registry Key: [Exception... "Component returned failure code: 0x80004001 (NS_ERROR_NOT_IMPLEMENTED) [nsIUpdateProcessor.getServiceRegKeyExists]"  nsresult: "0x80004001 (NS_ERROR_NOT_IMPLEMENTED)"  location: "JS frame :: resource://gre/modules/BackgroundUpdate.jsm :: _reasonsToNotScheduleUpdates :: line 243"  data: no]
DevTools listening on ws://localhost:60329/devtools/browser/2bf1f593-3fc3-3a43-9c0c-cdc713a36da1
1639945628465	Marionette	INFO	Listening on port 60334
1639945628583	RemoteAgent	WARN	TLS certificate errors will be ignored for this session
JavaScript warning: http://www.midhudsonmls.com/include/Modal/subModal.js, line 257: unreachable code after return statement
JavaScript warning: http://www.midhudsonmls.com/include/inc_SearchCommon.js?ver=1d, line 933: unreachable code after return statement
JavaScript warning: http://www.midhudsonmls.com/include/inc_SearchCommon.js?ver=1d, line 1646: unreachable code after return statement
JavaScript warning: http://www.midhudsonmls.com/include/Modal/subModal.js?ver=12, line 257: unreachable code after return statement
JavaScript warning: http://www.midhudsonmls.com/include/Modal/subModal.js, line 257: unreachable code after return statement
JavaScript warning: http://www.midhudsonmls.com/include/Modal/subModal.js, line 257: unreachable code after return statement
JavaScript error: http://www.midhudsonmls.com/include/inc_FormCheck.js?ver=3, line 1313: ReferenceError: replaceChar is not defined
JavaScript warning: http://www.midhudsonmls.com/include/Modal/subModal.js, line 257: unreachable code after return statement
1639945648202	Marionette	WARN	Ignoring event 'DOMContentLoaded' because document has an invalid readyState of 'complete'.
1639945652634	geckodriver	INFO	Listening on 127.0.0.1:60464
1639945653159	mozrunner::runner	INFO	Running command: "/Applications/Firefox.app/Contents/MacOS/firefox-bin" "--marionette" "--remote-debugging-port" "60465" "-foreground" "-no-remote" "-profile" "/var/folders/gw/gzn7hks17ms4c3gyyvyknnlm0000gn/T/rust_mozprofileaGGPUt"
1639945653304	Marionette	INFO	Stopped listening on port 60334
1639945653721	Marionette	INFO	Marionette enabled

###!!! [Parent][RunMessage] Error: Channel closing: too late to send/recv, messages will be lost

console.warn: SearchSettings: "get: No settings file exists, new profile?" (new NotFoundError("Could not open the file at /var/folders/gw/gzn7hks17ms4c3gyyvyknnlm0000gn/T/rust_mozprofileaGGPUt/search.json.mozlz4", (void 0)))
console.error: BackgroundUpdate: 
  _reasonsToNotScheduleUpdates: Failed to check for Maintenance Service Registry Key: [Exception... "Component returned failure code: 0x80004001 (NS_ERROR_NOT_IMPLEMENTED) [nsIUpdateProcessor.getServiceRegKeyExists]"  nsresult: "0x80004001 (NS_ERROR_NOT_IMPLEMENTED)"  location: "JS frame :: resource://gre/modules/BackgroundUpdate.jsm :: _reasonsToNotScheduleUpdates :: line 243"  data: no]
DevTools listening on ws://localhost:60465/devtools/browser/b19340e4-2d34-2841-b23d-c70f16c4b484
1639945656053	Marionette	INFO	Listening on port 60470
1639945656154	RemoteAgent	WARN	TLS certificate errors will be ignored for this session
JavaScript warning: http://www.midhudsonmls.com/include/Modal/subModal.js, line 257: unreachable code after return statement
JavaScript warning: http://www.midhudsonmls.com/include/inc_SearchCommon.js?ver=1d, line 933: unreachable code after return statement
JavaScript warning: http://www.midhudsonmls.com/include/inc_SearchCommon.js?ver=1d, line 1646: unreachable code after return statement
JavaScript warning: http://www.midhudsonmls.com/include/Modal/subModal.js?ver=12, line 257: unreachable code after return statement
1639945661931	Marionette	INFO	Stopped listening on port 60470
JavaScript error: http://www.midhudsonmls.com/XMLSearch/XMLSearch.asp?strSearchName=MLSA&frommenu=1, line 1419: NS_ERROR_NOT_INITIALIZED: 
JavaScript error: chrome://remote/content/marionette/cert.js, line 55: NS_ERROR_NOT_AVAILABLE: Component returned failure code: 0x80040111 (NS_ERROR_NOT_AVAILABLE) [nsICertOverrideService.setDisableAllSecurityChecksAndLetAttackersInterceptMyData]

###!!! [Parent][RunMessage] Error: Channel closing: too late to send/recv, messages will be lost

1639945680359	geckodriver	INFO	Listening on 127.0.0.1:60560
1639945680880	mozrunner::runner	INFO	Running command: "/Applications/Firefox.app/Contents/MacOS/firefox-bin" "--marionette" "--remote-debugging-port" "60561" "-foreground" "-no-remote" "-profile" "/var/folders/gw/gzn7hks17ms4c3gyyvyknnlm0000gn/T/rust_mozprofileSHzwoK"
1639945681384	Marionette	INFO	Marionette enabled
console.warn: SearchSettings: "get: No settings file exists, new profile?" (new NotFoundError("Could not open the file at /var/folders/gw/gzn7hks17ms4c3gyyvyknnlm0000gn/T/rust_mozprofileSHzwoK/search.json.mozlz4", (void 0)))
console.error: BackgroundUpdate: 
  _reasonsToNotScheduleUpdates: Failed to check for Maintenance Service Registry Key: [Exception... "Component returned failure code: 0x80004001 (NS_ERROR_NOT_IMPLEMENTED) [nsIUpdateProcessor.getServiceRegKeyExists]"  nsresult: "0x80004001 (NS_ERROR_NOT_IMPLEMENTED)"  location: "JS frame :: resource://gre/modules/BackgroundUpdate.jsm :: _reasonsToNotScheduleUpdates :: line 243"  data: no]
DevTools listening on ws://localhost:60561/devtools/browser/dc61a299-6aa2-234a-8c06-2723a409ee2c
1639945683887	Marionette	INFO	Listening on port 60566
1639945683985	RemoteAgent	WARN	TLS certificate errors will be ignored for this session
1639945684589	Marionette	INFO	Stopped listening on port 60566
JavaScript error: chrome://remote/content/marionette/cert.js, line 55: NS_ERROR_NOT_AVAILABLE: Component returned failure code: 0x80040111 (NS_ERROR_NOT_AVAILABLE) [nsICertOverrideService.setDisableAllSecurityChecksAndLetAttackersInterceptMyData]
JavaScript error: resource://services-settings/Utils.jsm, line 117: TypeError: NetworkError: Network request failed
1639945712155	geckodriver	INFO	Listening on 127.0.0.1:60636
1639945712681	mozrunner::runner	INFO	Running command: "/Applications/Firefox.app/Contents/MacOS/firefox-bin" "--marionette" "--remote-debugging-port" "60637" "-foreground" "-no-remote" "-profile" "/var/folders/gw/gzn7hks17ms4c3gyyvyknnlm0000gn/T/rust_mozprofilepQ01JF"
1639945713194	Marionette	INFO	Marionette enabled
1639945861233	geckodriver	INFO	Listening on 127.0.0.1:60668
1639945861754	mozrunner::runner	INFO	Running command: "/Applications/Firefox.app/Contents/MacOS/firefox-bin" "--marionette" "--remote-debugging-port" "60669" "-foreground" "-no-remote" "-profile" "/var/folders/gw/gzn7hks17ms4c3gyyvyknnlm0000gn/T/rust_mozprofileeGLo2Y"
1639945862235	Marionette	INFO	Marionette enabled
console.warn: SearchSettings: "get: No settings file exists, new profile?" (new NotFoundError("Could not open the file at /var/folders/gw/gzn7hks17ms4c3gyyvyknnlm0000gn/T/rust_mozprofileeGLo2Y/search.json.mozlz4", (void 0)))
console.error: BackgroundUpdate: 
  _reasonsToNotScheduleUpdates: Failed to check for Maintenance Service Registry Key: [Exception... "Component returned failure code: 0x80004001 (NS_ERROR_NOT_IMPLEMENTED) [nsIUpdateProcessor.getServiceRegKeyExists]"  nsresult: "0x80004001 (NS_ERROR_NOT_IMPLEMENTED)"  location: "JS frame :: resource://gre/modules/BackgroundUpdate.jsm :: _reasonsToNotScheduleUpdates :: line 243"  data: no]
DevTools listening on ws://localhost:60669/devtools/browser/251fa537-c7bf-9a44-8c5f-91ccab1b9464
1639945864689	Marionette	INFO	Listening on port 60674
1639945864749	RemoteAgent	WARN	TLS certificate errors will be ignored for this session
JavaScript warning: http://www.midhudsonmls.com/include/Modal/subModal.js, line 257: unreachable code after return statement
JavaScript warning: http://www.midhudsonmls.com/include/inc_SearchCommon.js?ver=1d, line 933: unreachable code after return statement
JavaScript warning: http://www.midhudsonmls.com/include/inc_SearchCommon.js?ver=1d, line 1646: unreachable code after return statement
JavaScript warning: http://www.midhudsonmls.com/include/Modal/subModal.js?ver=12, line 257: unreachable code after return statement
JavaScript warning: http://www.midhudsonmls.com/include/Modal/subModal.js, line 257: unreachable code after return statement
JavaScript warning: http://www.midhudsonmls.com/include/Modal/subModal.js, line 257: unreachable code after return statement
JavaScript error: http://www.midhudsonmls.com/include/inc_FormCheck.js?ver=3, line 1313: ReferenceError: replaceChar is not defined
JavaScript warning: http://www.midhudsonmls.com/include/Modal/subModal.js, line 257: unreachable code after return statement
1639945883563	Marionette	WARN	Ignoring event 'DOMContentLoaded' because document has an invalid readyState of 'complete'.
1639945888680	Marionette	INFO	Stopped listening on port 60674

###!!! [Parent][RunMessage] Error: Channel closing: too late to send/recv, messages will be lost

1639945890141	geckodriver	INFO	Listening on 127.0.0.1:60799
1639945890663	mozrunner::runner	INFO	Running command: "/Applications/Firefox.app/Contents/MacOS/firefox-bin" "--marionette" "--remote-debugging-port" "60800" "-foreground" "-no-remote" "-profile" "/var/folders/gw/gzn7hks17ms4c3gyyvyknnlm0000gn/T/rust_mozprofiledqxM3Y"
1639945891165	Marionette	INFO	Marionette enabled
console.warn: SearchSettings: "get: No settings file exists, new profile?" (new NotFoundError("Could not open the file at /var/folders/gw/gzn7hks17ms4c3gyyvyknnlm0000gn/T/rust_mozprofiledqxM3Y/search.json.mozlz4", (void 0)))
1639945892629	geckodriver	INFO	Listening on 127.0.0.1:60828
1639945893156	mozrunner::runner	INFO	Running command: "/Applications/Firefox.app/Contents/MacOS/firefox-bin" "--marionette" "--remote-debugging-port" "60829" "-foreground" "-no-remote" "-profile" "/var/folders/gw/gzn7hks17ms4c3gyyvyknnlm0000gn/T/rust_mozprofileKiNeRn"
console.error: BackgroundUpdate: 
  _reasonsToNotScheduleUpdates: Failed to check for Maintenance Service Registry Key: [Exception... "Component returned failure code: 0x80004001 (NS_ERROR_NOT_IMPLEMENTED) [nsIUpdateProcessor.getServiceRegKeyExists]"  nsresult: "0x80004001 (NS_ERROR_NOT_IMPLEMENTED)"  location: "JS frame :: resource://gre/modules/BackgroundUpdate.jsm :: _reasonsToNotScheduleUpdates :: line 243"  data: no]
DevTools listening on ws://localhost:60800/devtools/browser/3ae559d4-e137-764b-9763-cc9c1b227429
1639945893629	Marionette	INFO	Listening on port 60805
1639945893694	RemoteAgent	WARN	TLS certificate errors will be ignored for this session
1639945893771	Marionette	INFO	Marionette enabled
console.warn: SearchSettings: "get: No settings file exists, new profile?" (new NotFoundError("Could not open the file at /var/folders/gw/gzn7hks17ms4c3gyyvyknnlm0000gn/T/rust_mozprofileKiNeRn/search.json.mozlz4", (void 0)))
JavaScript error: resource://gre/modules/CrashMonitor.jsm, line 201: AbortError: IOUtils: Shutting down and refusing additional I/O tasks
JavaScript warning: http://www.midhudsonmls.com/include/Modal/subModal.js, line 257: unreachable code after return statement
console.error: SearchService: "maybeReloadEngines failed" ({})
JavaScript warning: http://www.midhudsonmls.com/include/inc_SearchCommon.js?ver=1d, line 933: unreachable code after return statement
JavaScript warning: http://www.midhudsonmls.com/include/inc_SearchCommon.js?ver=1d, line 1646: unreachable code after return statement
JavaScript warning: http://www.midhudsonmls.com/include/Modal/subModal.js?ver=12, line 257: unreachable code after return statement
1639945902459	Marionette	INFO	Stopped listening on port 60805
JavaScript error: chrome://remote/content/marionette/cert.js, line 55: NS_ERROR_NOT_AVAILABLE: Component returned failure code: 0x80040111 (NS_ERROR_NOT_AVAILABLE) [nsICertOverrideService.setDisableAllSecurityChecksAndLetAttackersInterceptMyData]

###!!! [Parent][RunMessage] Error: Channel closing: too late to send/recv, messages will be lost

1639945903280	geckodriver::marionette	ERROR	Failed to close browser connection: Socket is not connected (os error 57)
1639945981398	geckodriver	INFO	Listening on 127.0.0.1:60966
1639945981922	mozrunner::runner	INFO	Running command: "/Applications/Firefox.app/Contents/MacOS/firefox-bin" "--marionette" "--remote-debugging-port" "60967" "-foreground" "-no-remote" "-profile" "/var/folders/gw/gzn7hks17ms4c3gyyvyknnlm0000gn/T/rust_mozprofileX2kxeJ"
1639945982558	Marionette	INFO	Marionette enabled
console.warn: SearchSettings: "get: No settings file exists, new profile?" (new NotFoundError("Could not open the file at /var/folders/gw/gzn7hks17ms4c3gyyvyknnlm0000gn/T/rust_mozprofileX2kxeJ/search.json.mozlz4", (void 0)))
console.error: BackgroundUpdate: 
  _reasonsToNotScheduleUpdates: Failed to check for Maintenance Service Registry Key: [Exception... "Component returned failure code: 0x80004001 (NS_ERROR_NOT_IMPLEMENTED) [nsIUpdateProcessor.getServiceRegKeyExists]"  nsresult: "0x80004001 (NS_ERROR_NOT_IMPLEMENTED)"  location: "JS frame :: resource://gre/modules/BackgroundUpdate.jsm :: _reasonsToNotScheduleUpdates :: line 243"  data: no]
DevTools listening on ws://localhost:60967/devtools/browser/245dd035-4917-cf45-88c1-c2dc96c360cb
1639945984974	Marionette	INFO	Listening on port 60972
1639945985028	RemoteAgent	WARN	TLS certificate errors will be ignored for this session
JavaScript warning: http://www.midhudsonmls.com/include/Modal/subModal.js, line 257: unreachable code after return statement
JavaScript warning: http://www.midhudsonmls.com/include/inc_SearchCommon.js?ver=1d, line 933: unreachable code after return statement
JavaScript warning: http://www.midhudsonmls.com/include/inc_SearchCommon.js?ver=1d, line 1646: unreachable code after return statement
JavaScript warning: http://www.midhudsonmls.com/include/Modal/subModal.js?ver=12, line 257: unreachable code after return statement
JavaScript warning: http://www.midhudsonmls.com/include/Modal/subModal.js, line 257: unreachable code after return statement
JavaScript warning: http://www.midhudsonmls.com/include/Modal/subModal.js, line 257: unreachable code after return statement
JavaScript error: http://www.midhudsonmls.com/include/inc_FormCheck.js?ver=3, line 1313: ReferenceError: replaceChar is not defined
JavaScript warning: http://www.midhudsonmls.com/include/Modal/subModal.js, line 257: unreachable code after return statement
1639946002178	Marionette	WARN	Ignoring event 'DOMContentLoaded' because document has an invalid readyState of 'complete'.
1639946007282	Marionette	INFO	Stopped listening on port 60972

###!!! [Parent][RunMessage] Error: Channel closing: too late to send/recv, messages will be lost

1639946015154	geckodriver	INFO	Listening on 127.0.0.1:61096
1639946015676	mozrunner::runner	INFO	Running command: "/Applications/Firefox.app/Contents/MacOS/firefox-bin" "--marionette" "--remote-debugging-port" "61097" "-foreground" "-no-remote" "-profile" "/var/folders/gw/gzn7hks17ms4c3gyyvyknnlm0000gn/T/rust_mozprofiled2QLtN"
1639946016200	Marionette	INFO	Marionette enabled
console.warn: SearchSettings: "get: No settings file exists, new profile?" (new NotFoundError("Could not open the file at /var/folders/gw/gzn7hks17ms4c3gyyvyknnlm0000gn/T/rust_mozprofiled2QLtN/search.json.mozlz4", (void 0)))
console.error: BackgroundUpdate: 
  _reasonsToNotScheduleUpdates: Failed to check for Maintenance Service Registry Key: [Exception... "Component returned failure code: 0x80004001 (NS_ERROR_NOT_IMPLEMENTED) [nsIUpdateProcessor.getServiceRegKeyExists]"  nsresult: "0x80004001 (NS_ERROR_NOT_IMPLEMENTED)"  location: "JS frame :: resource://gre/modules/BackgroundUpdate.jsm :: _reasonsToNotScheduleUpdates :: line 243"  data: no]
DevTools listening on ws://localhost:61097/devtools/browser/0e0788b6-df46-dd49-80a9-2c7aba872e78
1639946018488	Marionette	INFO	Listening on port 61102
1639946018601	RemoteAgent	WARN	TLS certificate errors will be ignored for this session
1639946019546	Marionette	INFO	Stopped listening on port 61102
JavaScript error: chrome://remote/content/marionette/cert.js, line 55: NS_ERROR_NOT_AVAILABLE: Component returned failure code: 0x80040111 (NS_ERROR_NOT_AVAILABLE) [nsICertOverrideService.setDisableAllSecurityChecksAndLetAttackersInterceptMyData]
JavaScript error: resource://services-settings/Utils.jsm, line 117: TypeError: NetworkError: Network request failed

###!!! [Parent][RunMessage] Error: Channel closing: too late to send/recv, messages will be lost

1639946221466	geckodriver	INFO	Listening on 127.0.0.1:61196
1639946221984	mozrunner::runner	INFO	Running command: "/Applications/Firefox.app/Contents/MacOS/firefox-bin" "--marionette" "--remote-debugging-port" "61197" "-foreground" "-no-remote" "-profile" "/var/folders/gw/gzn7hks17ms4c3gyyvyknnlm0000gn/T/rust_mozprofile8lLSRq"
1639946222656	Marionette	INFO	Marionette enabled
console.warn: SearchSettings: "get: No settings file exists, new profile?" (new NotFoundError("Could not open the file at /var/folders/gw/gzn7hks17ms4c3gyyvyknnlm0000gn/T/rust_mozprofile8lLSRq/search.json.mozlz4", (void 0)))
console.error: BackgroundUpdate: 
  _reasonsToNotScheduleUpdates: Failed to check for Maintenance Service Registry Key: [Exception... "Component returned failure code: 0x80004001 (NS_ERROR_NOT_IMPLEMENTED) [nsIUpdateProcessor.getServiceRegKeyExists]"  nsresult: "0x80004001 (NS_ERROR_NOT_IMPLEMENTED)"  location: "JS frame :: resource://gre/modules/BackgroundUpdate.jsm :: _reasonsToNotScheduleUpdates :: line 243"  data: no]
DevTools listening on ws://localhost:61197/devtools/browser/c1d75eae-2494-214e-8fc9-ae5d60c52abc
1639946225505	Marionette	INFO	Listening on port 61202
1639946225592	RemoteAgent	WARN	TLS certificate errors will be ignored for this session
JavaScript warning: http://www.midhudsonmls.com/include/Modal/subModal.js, line 257: unreachable code after return statement
JavaScript warning: http://www.midhudsonmls.com/include/inc_SearchCommon.js?ver=1d, line 933: unreachable code after return statement
JavaScript warning: http://www.midhudsonmls.com/include/inc_SearchCommon.js?ver=1d, line 1646: unreachable code after return statement
JavaScript warning: http://www.midhudsonmls.com/include/Modal/subModal.js?ver=12, line 257: unreachable code after return statement
JavaScript warning: http://www.midhudsonmls.com/include/Modal/subModal.js, line 257: unreachable code after return statement
JavaScript warning: http://www.midhudsonmls.com/include/Modal/subModal.js, line 257: unreachable code after return statement
JavaScript error: http://www.midhudsonmls.com/include/inc_FormCheck.js?ver=3, line 1313: ReferenceError: replaceChar is not defined
JavaScript warning: http://www.midhudsonmls.com/include/Modal/subModal.js, line 257: unreachable code after return statement
1639946242113	Marionette	WARN	Ignoring event 'DOMContentLoaded' because document has an invalid readyState of 'complete'.
1639946247224	Marionette	INFO	Stopped listening on port 61202

###!!! [Parent][RunMessage] Error: Channel closing: too late to send/recv, messages will be lost

1639946252630	geckodriver	INFO	Listening on 127.0.0.1:61332
1639946253148	mozrunner::runner	INFO	Running command: "/Applications/Firefox.app/Contents/MacOS/firefox-bin" "--marionette" "--remote-debugging-port" "61333" "-foreground" "-no-remote" "-profile" "/var/folders/gw/gzn7hks17ms4c3gyyvyknnlm0000gn/T/rust_mozprofileZjIagq"
1639946253655	Marionette	INFO	Marionette enabled
console.warn: SearchSettings: "get: No settings file exists, new profile?" (new NotFoundError("Could not open the file at /var/folders/gw/gzn7hks17ms4c3gyyvyknnlm0000gn/T/rust_mozprofileZjIagq/search.json.mozlz4", (void 0)))
console.error: BackgroundUpdate: 
  _reasonsToNotScheduleUpdates: Failed to check for Maintenance Service Registry Key: [Exception... "Component returned failure code: 0x80004001 (NS_ERROR_NOT_IMPLEMENTED) [nsIUpdateProcessor.getServiceRegKeyExists]"  nsresult: "0x80004001 (NS_ERROR_NOT_IMPLEMENTED)"  location: "JS frame :: resource://gre/modules/BackgroundUpdate.jsm :: _reasonsToNotScheduleUpdates :: line 243"  data: no]
DevTools listening on ws://localhost:61333/devtools/browser/eec77e39-cf63-5848-a425-152957135573
1639946256098	Marionette	INFO	Listening on port 61338
1639946256154	RemoteAgent	WARN	TLS certificate errors will be ignored for this session
JavaScript warning: http://www.midhudsonmls.com/include/Modal/subModal.js, line 257: unreachable code after return statement
JavaScript warning: http://www.midhudsonmls.com/include/inc_SearchCommon.js?ver=1d, line 933: unreachable code after return statement
JavaScript warning: http://www.midhudsonmls.com/include/inc_SearchCommon.js?ver=1d, line 1646: unreachable code after return statement
JavaScript warning: http://www.midhudsonmls.com/include/Modal/subModal.js?ver=12, line 257: unreachable code after return statement
JavaScript warning: http://www.midhudsonmls.com/include/Modal/subModal.js, line 257: unreachable code after return statement
1639946265064	Marionette	INFO	Stopped listening on port 61338
JavaScript error: chrome://remote/content/marionette/cert.js, line 55: NS_ERROR_NOT_AVAILABLE: Component returned failure code: 0x80040111 (NS_ERROR_NOT_AVAILABLE) [nsICertOverrideService.setDisableAllSecurityChecksAndLetAttackersInterceptMyData]

###!!! [Child][MessageChannel] Error: (msgtype=0x5A0008,name=PHttpChannel::Msg_DeletingChannel) Channel closing: too late to send/recv, messages will be lost


###!!! [Child][MessageChannel] Error: (msgtype=0x5A0008,name=PHttpChannel::Msg_DeletingChannel) Channel closing: too late to send/recv, messages will be lost


###!!! [Child][MessageChannel] Error: (msgtype=0x5A0008,name=PHttpChannel::Msg_DeletingChannel) Channel closing: too late to send/recv, messages will be lost


###!!! [Child][MessageChannel] Error: (msgtype=0x5A0008,name=PHttpChannel::Msg_DeletingChannel) Channel closing: too late to send/recv, messages will be lost


###!!! [Child][MessageChannel] Error: (msgtype=0x5A0008,name=PHttpChannel::Msg_DeletingChannel) Channel closing: too late to send/recv, messages will be lost


###!!! [Child][RunMessage] Error: Channel closing: too late to send/recv, messages will be lost

1639946265258	geckodriver::marionette	ERROR	Failed to close browser connection: Socket is not connected (os error 57)
[2021-12-19T20:37:45Z ERROR glean] Can't persist ping lifetime data: Error { kind: Rkv(IoError(Os { code: 2, kind: NotFound, message: "No such file or directory" })) }

###!!! [Parent][RunMessage] Error: Channel closing: too late to send/recv, messages will be lost

